<?xml version="1.0" encoding="UTF-8"?>
<!-- Generated by org.testng.reporters.JUnitReportReporter -->
<testsuite skipped="0" hostname="Clairvoyant-162" name="RestAsuredAutomation.RestAsuredAutomation.QueryParams$QUERYPARAMETERRequest" tests="1" failures="0" timestamp="2020-10-10T11:34:16 IST" time="2.596" errors="0">
  <testcase name="queryParameter" time="2.596" classname="RestAsuredAutomation.RestAsuredAutomation.QueryParams$QUERYPARAMETERRequest"/>
  <system-out/>
</testsuite> <!-- RestAsuredAutomation.RestAsuredAutomation.QueryParams$QUERYPARAMETERRequest -->
